# JRE version: OpenJDK Runtime Environment (7.0_101) (build 1.7.0_101-b00)
# Java VM: OpenJDK 64-Bit Server VM (24.95-b01 mixed mode linux-amd64 compressed oops)
Heap
 PSYoungGen      total 140288K, used 20449K [0x00000000eaa80000, 0x00000000f4c80000, 0x0000000100000000)
  eden space 119808K, 0% used [0x00000000eaa80000,0x00000000eaa80000,0x00000000f1f80000)
  from space 20480K, 99% used [0x00000000f1f80000,0x00000000f33786e8,0x00000000f3380000)
  to   space 15360K, 0% used [0x00000000f3380000,0x00000000f3380000,0x00000000f4280000)
 ParOldGen       total 41472K, used 37982K [0x00000000c0000000, 0x00000000c2880000, 0x00000000eaa80000)
  object space 41472K, 91% used [0x00000000c0000000,0x00000000c2517a08,0x00000000c2880000)
 PSPermGen       total 21504K, used 6451K [0x00000000b5a00000, 0x00000000b6f00000, 0x00000000c0000000)
  object space 21504K, 30% used [0x00000000b5a00000,0x00000000b604cf30,0x00000000b6f00000)
GC Heap History (10 events):
Event: 8,395 GC heap after
Heap after GC invocations=4 (full 0):
 PSYoungGen      total 34304K, used 2528K [0x00000000eaa80000, 0x00000000ece80000, 0x0000000100000000)
  eden space 31744K, 0% used [0x00000000eaa80000,0x00000000eaa80000,0x00000000ec980000)
  from space 2560K, 98% used [0x00000000ecc00000,0x00000000ece780a0,0x00000000ece80000)
  to   space 2560K, 0% used [0x00000000ec980000,0x00000000ec980000,0x00000000ecc00000)
 ParOldGen       total 41472K, used 7236K [0x00000000c0000000, 0x00000000c2880000, 0x00000000eaa80000)
  object space 41472K, 17% used [0x00000000c0000000,0x00000000c0711340,0x00000000c2880000)
 PSPermGen       total 21504K, used 6244K [0x00000000b5a00000, 0x00000000b6f00000, 0x00000000c0000000)
  object space 21504K, 29% used [0x00000000b5a00000,0x00000000b6019138,0x00000000b6f00000)
}
Event: 13,543 GC heap before
{Heap before GC invocations=5 (full 0):
 PSYoungGen      total 34304K, used 34272K [0x00000000eaa80000, 0x00000000ece80000, 0x0000000100000000)
  eden space 31744K, 100% used [0x00000000eaa80000,0x00000000ec980000,0x00000000ec980000)
  from space 2560K, 98% used [0x00000000ecc00000,0x00000000ece780a0,0x00000000ece80000)
  to   space 2560K, 0% used [0x00000000ec980000,0x00000000ec980000,0x00000000ecc00000)
 ParOldGen       total 41472K, used 7236K [0x00000000c0000000, 0x00000000c2880000, 0x00000000eaa80000)
  object space 41472K, 17% used [0x00000000c0000000,0x00000000c0711340,0x00000000c2880000)
 PSPermGen       total 21504K, used 6293K [0x00000000b5a00000, 0x00000000b6f00000, 0x00000000c0000000)
  object space 21504K, 29% used [0x00000000b5a00000,0x00000000b6025798,0x00000000b6f00000)
Event: 13,715 GC heap after
Heap after GC invocations=5 (full 0):
 PSYoungGen      total 34304K, used 2548K [0x00000000eaa80000, 0x00000000efa80000, 0x0000000100000000)
  eden space 31744K, 0% used [0x00000000eaa80000,0x00000000eaa80000,0x00000000ec980000)
  from space 2560K, 99% used [0x00000000ec980000,0x00000000ecbfd318,0x00000000ecc00000)
  to   space 9216K, 0% used [0x00000000ef180000,0x00000000ef180000,0x00000000efa80000)
 ParOldGen       total 41472K, used 12307K [0x00000000c0000000, 0x00000000c2880000, 0x00000000eaa80000)
  object space 41472K, 29% used [0x00000000c0000000,0x00000000c0c04e00,0x00000000c2880000)
 PSPermGen       total 21504K, used 6293K [0x00000000b5a00000, 0x00000000b6f00000, 0x00000000c0000000)
  object space 21504K, 29% used [0x00000000b5a00000,0x00000000b6025798,0x00000000b6f00000)
}
Event: 18,087 GC heap before
{Heap before GC invocations=6 (full 0):
 PSYoungGen      total 34304K, used 34292K [0x00000000eaa80000, 0x00000000efa80000, 0x0000000100000000)
  eden space 31744K, 100% used [0x00000000eaa80000,0x00000000ec980000,0x00000000ec980000)
  from space 2560K, 99% used [0x00000000ec980000,0x00000000ecbfd318,0x00000000ecc00000)
  to   space 9216K, 0% used [0x00000000ef180000,0x00000000ef180000,0x00000000efa80000)
 ParOldGen       total 41472K, used 12307K [0x00000000c0000000, 0x00000000c2880000, 0x00000000eaa80000)
  object space 41472K, 29% used [0x00000000c0000000,0x00000000c0c04e00,0x00000000c2880000)
 PSPermGen       total 21504K, used 6310K [0x00000000b5a00000, 0x00000000b6f00000, 0x00000000c0000000)
  object space 21504K, 29% used [0x00000000b5a00000,0x00000000b6029b48,0x00000000b6f00000)
Event: 18,292 GC heap after
Heap after GC invocations=6 (full 0):
 PSYoungGen      total 71680K, used 7300K [0x00000000eaa80000, 0x00000000efc80000, 0x0000000100000000)
  eden space 62464K, 0% used [0x00000000eaa80000,0x00000000eaa80000,0x00000000ee780000)
  from space 9216K, 79% used [0x00000000ef180000,0x00000000ef8a1338,0x00000000efa80000)
  to   space 10240K, 0% used [0x00000000ee780000,0x00000000ee780000,0x00000000ef180000)
 ParOldGen       total 41472K, used 12307K [0x00000000c0000000, 0x00000000c2880000, 0x00000000eaa80000)
  object space 41472K, 29% used [0x00000000c0000000,0x00000000c0c04e00,0x00000000c2880000)
 PSPermGen       total 21504K, used 6310K [0x00000000b5a00000, 0x00000000b6f00000, 0x00000000c0000000)
  object space 21504K, 29% used [0x00000000b5a00000,0x00000000b6029b48,0x00000000b6f00000)
}
Event: 25,480 GC heap before
{Heap before GC invocations=7 (full 0):
 PSYoungGen      total 71680K, used 69764K [0x00000000eaa80000, 0x00000000efc80000, 0x0000000100000000)
  eden space 62464K, 100% used [0x00000000eaa80000,0x00000000ee780000,0x00000000ee780000)
  from space 9216K, 79% used [0x00000000ef180000,0x00000000ef8a1338,0x00000000efa80000)
  to   space 10240K, 0% used [0x00000000ee780000,0x00000000ee780000,0x00000000ef180000)
 ParOldGen       total 41472K, used 12307K [0x00000000c0000000, 0x00000000c2880000, 0x00000000eaa80000)
  object space 41472K, 29% used [0x00000000c0000000,0x00000000c0c04e00,0x00000000c2880000)
 PSPermGen       total 21504K, used 6357K [0x00000000b5a00000, 0x00000000b6f00000, 0x00000000c0000000)
  object space 21504K, 29% used [0x00000000b5a00000,0x00000000b60354f8,0x00000000b6f00000)
Event: 25,840 GC heap after
Heap after GC invocations=7 (full 0):
 PSYoungGen      total 72704K, used 10221K [0x00000000eaa80000, 0x00000000f4280000, 0x0000000100000000)
  eden space 62464K, 0% used [0x00000000eaa80000,0x00000000eaa80000,0x00000000ee780000)
  from space 10240K, 99% used [0x00000000ee780000,0x00000000ef17b560,0x00000000ef180000)
  to   space 15360K, 0% used [0x00000000f3380000,0x00000000f3380000,0x00000000f4280000)
 ParOldGen       total 41472K, used 18655K [0x00000000c0000000, 0x00000000c2880000, 0x00000000eaa80000)
  object space 41472K, 44% used [0x00000000c0000000,0x00000000c1237f70,0x00000000c2880000)
 PSPermGen       total 21504K, used 6357K [0x00000000b5a00000, 0x00000000b6f00000, 0x00000000c0000000)
  object space 21504K, 29% used [0x00000000b5a00000,0x00000000b60354f8,0x00000000b6f00000)
}
Event: 33,529 GC heap before
{Heap before GC invocations=8 (full 0):
 PSYoungGen      total 72704K, used 72685K [0x00000000eaa80000, 0x00000000f4280000, 0x0000000100000000)
  eden space 62464K, 100% used [0x00000000eaa80000,0x00000000ee780000,0x00000000ee780000)
  from space 10240K, 99% used [0x00000000ee780000,0x00000000ef17b560,0x00000000ef180000)
  to   space 15360K, 0% used [0x00000000f3380000,0x00000000f3380000,0x00000000f4280000)
 ParOldGen       total 41472K, used 18655K [0x00000000c0000000, 0x00000000c2880000, 0x00000000eaa80000)
  object space 41472K, 44% used [0x00000000c0000000,0x00000000c1237f70,0x00000000c2880000)
 PSPermGen       total 21504K, used 6378K [0x00000000b5a00000, 0x00000000b6f00000, 0x00000000c0000000)
  object space 21504K, 29% used [0x00000000b5a00000,0x00000000b603ab88,0x00000000b6f00000)
Event: 33,868 GC heap after
Heap after GC invocations=8 (full 0):
 PSYoungGen      total 135168K, used 15328K [0x00000000eaa80000, 0x00000000f4c80000, 0x0000000100000000)
  eden space 119808K, 0% used [0x00000000eaa80000,0x00000000eaa80000,0x00000000f1f80000)
  from space 15360K, 99% used [0x00000000f3380000,0x00000000f4278210,0x00000000f4280000)
  to   space 20480K, 0% used [0x00000000f1f80000,0x00000000f1f80000,0x00000000f3380000)
 ParOldGen       total 41472K, used 24066K [0x00000000c0000000, 0x00000000c2880000, 0x00000000eaa80000)
  object space 41472K, 58% used [0x00000000c0000000,0x00000000c17808f8,0x00000000c2880000)
 PSPermGen       total 21504K, used 6378K [0x00000000b5a00000, 0x00000000b6f00000, 0x00000000c0000000)
  object space 21504K, 29% used [0x00000000b5a00000,0x00000000b603ab88,0x00000000b6f00000)
}
Event: 43,179 GC heap before
{Heap before GC invocations=9 (full 0):
 PSYoungGen      total 135168K, used 135136K [0x00000000eaa80000, 0x00000000f4c80000, 0x0000000100000000)
  eden space 119808K, 100% used [0x00000000eaa80000,0x00000000f1f80000,0x00000000f1f80000)
  from space 15360K, 99% used [0x00000000f3380000,0x00000000f4278210,0x00000000f4280000)
  to   space 20480K, 0% used [0x00000000f1f80000,0x00000000f1f80000,0x00000000f3380000)
 ParOldGen       total 41472K, used 24066K [0x00000000c0000000, 0x00000000c2880000, 0x00000000eaa80000)
  object space 41472K, 58% used [0x00000000c0000000,0x00000000c17808f8,0x00000000c2880000)
 PSPermGen       total 21504K, used 6451K [0x00000000b5a00000, 0x00000000b6f00000, 0x00000000c0000000)
  object space 21504K, 30% used [0x00000000b5a00000,0x00000000b604cf30,0x00000000b6f00000)

